[18:39:14.944] [INFO   ] thread bguspl.set.Main.main() starting.
[18:39:14.947] [SEVERE ] cannot read configuration file config.properties trying from resources.
[18:39:14.948] [SEVERE ] configuration file was loaded from resources directory.
[18:39:15.602] [INFO   ] thread dealer starting.
[18:39:15.607] [INFO   ] thread dealer starting.
[18:39:15.727] [SEVERE ] placing card 0 in slot 0
[18:39:15.831] [SEVERE ] placing card 1 in slot 1
[18:39:15.933] [SEVERE ] placing card 2 in slot 2
[18:39:16.035] [SEVERE ] placing card 3 in slot 3
[18:39:16.137] [SEVERE ] placing card 4 in slot 4
[18:39:16.243] [SEVERE ] placing card 5 in slot 5
[18:39:16.345] [SEVERE ] placing card 6 in slot 6
[18:39:16.453] [SEVERE ] placing card 7 in slot 7
[18:39:16.562] [SEVERE ] placing card 8 in slot 8
[18:39:16.665] [SEVERE ] placing card 9 in slot 9
[18:39:16.767] [SEVERE ] placing card 10 in slot 10
[18:39:16.869] [SEVERE ] placing card 11 in slot 11
[18:42:33.814] [SEVERE ] exit button pressed
[18:42:33.815] [INFO   ] thread dealer terminated.
[18:42:33.816] [INFO   ] thread dealer terminated.
[18:42:33.816] [SEVERE ] thanks for playing... it was fun!
[18:42:33.817] [INFO   ] thread bguspl.set.Main.main() terminated.
